0 info it worked if it ends with ok
1 verbose cli [ 'C:\\Program Files\\nodejs\\node.exe',
1 verbose cli   'C:\\Program Files\\nodejs\\node_modules\\npm\\bin\\npm-cli.js',
1 verbose cli   'publish' ]
2 info using npm@3.10.9
3 info using node@v6.9.2
4 verbose publish [ '.' ]
5 silly cache add args [ '.', null ]
6 verbose cache add spec .
7 silly cache add parsed spec Result {
7 silly cache add   raw: '.',
7 silly cache add   scope: null,
7 silly cache add   escapedName: null,
7 silly cache add   name: null,
7 silly cache add   rawSpec: '.',
7 silly cache add   spec: 'C:\\Git\\MANESKUL\\CORDOVA-TRAFFICMONITOR',
7 silly cache add   type: 'directory' }
8 verbose addLocalDirectory C:\Users\Desenvolvedor\AppData\Roaming\npm-cache\cordova-plugins-trafficmonitor\1.1.0\package.tgz not in flight; packing
9 verbose correctMkdir C:\Users\Desenvolvedor\AppData\Roaming\npm-cache correctMkdir not in flight; initializing
10 info lifecycle cordova-plugins-trafficmonitor@1.1.0~prepublish: cordova-plugins-trafficmonitor@1.1.0
11 silly lifecycle cordova-plugins-trafficmonitor@1.1.0~prepublish: no script for prepublish, continuing
12 verbose tar pack [ 'C:\\Users\\Desenvolvedor\\AppData\\Roaming\\npm-cache\\cordova-plugins-trafficmonitor\\1.1.0\\package.tgz',
12 verbose tar pack   'C:\\Git\\MANESKUL\\CORDOVA-TRAFFICMONITOR' ]
13 verbose tarball C:\Users\Desenvolvedor\AppData\Roaming\npm-cache\cordova-plugins-trafficmonitor\1.1.0\package.tgz
14 verbose folder C:\Git\MANESKUL\CORDOVA-TRAFFICMONITOR
15 verbose addLocalTarball adding from inside cache C:\Users\Desenvolvedor\AppData\Roaming\npm-cache\cordova-plugins-trafficmonitor\1.1.0\package.tgz
16 verbose correctMkdir C:\Users\Desenvolvedor\AppData\Roaming\npm-cache correctMkdir not in flight; initializing
17 silly cache afterAdd cordova-plugins-trafficmonitor@1.1.0
18 verbose afterAdd C:\Users\Desenvolvedor\AppData\Roaming\npm-cache\cordova-plugins-trafficmonitor\1.1.0\package\package.json not in flight; writing
19 verbose correctMkdir C:\Users\Desenvolvedor\AppData\Roaming\npm-cache correctMkdir not in flight; initializing
20 verbose afterAdd C:\Users\Desenvolvedor\AppData\Roaming\npm-cache\cordova-plugins-trafficmonitor\1.1.0\package\package.json written
21 silly publish { name: 'cordova-plugins-trafficmonitor',
21 silly publish   version: '1.1.0',
21 silly publish   description: 'Cordova plugin to operate and get TrafficStats of Android',
21 silly publish   cordova:
21 silly publish    { id: 'cordova-plugins-trafficmonitor',
21 silly publish      platforms: [ 'android' ] },
21 silly publish   repository:
21 silly publish    { type: 'git',
21 silly publish      url: 'git+https://github.com/maneskul/cordova-plugin-trafficmonitor.git' },
21 silly publish   bugs: { url: 'https://github.com/maneskul/cordova-plugin-trafficmonitor/issues' },
21 silly publish   keywords: [ 'traffic', 'ecosystem:cordova', 'network', 'trafficstats' ],
21 silly publish   author:
21 silly publish    { name: 'Guilherme Maneskul',
21 silly publish      email: 'contato@wootsistemas.com.br' },
21 silly publish   license: 'MIT',
21 silly publish   readme: '\r\n# cordova-plugin-trafficmonitor #\r\n\r\nCordova plugin to operate and get TrafficStats of Android\r\n\r\n### How to Use? ###\r\n\r\nUse the plugin with Cordova CLI (v5.x or above):\r\n```bash\r\ncordova plugin add cordova-plugin-trafficmonitor\r\n```\r\n\r\nWhen use with PhoneGap Build, write following line in your config.xml:\r\n```xml\r\n<gap:plugin name="cordova-plugin-trafficmonitor" source="npm" />\r\n```\r\n\r\n# API Overview #\r\n\r\n### Methods ###\r\n\r\n```javascript\r\nshowStats(successCallback, failureCallback);\r\n```',
21 silly publish   readmeFilename: 'README.md',
21 silly publish   gitHead: 'aefd9b8a01780cff0d5a9d631a06eee1a8d05f5c',
21 silly publish   homepage: 'https://github.com/maneskul/cordova-plugin-trafficmonitor#readme',
21 silly publish   _id: 'cordova-plugins-trafficmonitor@1.1.0',
21 silly publish   scripts: {},
21 silly publish   _shasum: '01b275457f69a99907b191639cdd4272233d34d2',
21 silly publish   _from: '.' }
22 verbose getPublishConfig undefined
23 silly mapToRegistry name cordova-plugins-trafficmonitor
24 silly mapToRegistry using default registry
25 silly mapToRegistry registry https://registry.npmjs.org/
26 silly mapToRegistry data Result {
26 silly mapToRegistry   raw: 'cordova-plugins-trafficmonitor',
26 silly mapToRegistry   scope: null,
26 silly mapToRegistry   escapedName: 'cordova-plugins-trafficmonitor',
26 silly mapToRegistry   name: 'cordova-plugins-trafficmonitor',
26 silly mapToRegistry   rawSpec: '',
26 silly mapToRegistry   spec: 'latest',
26 silly mapToRegistry   type: 'tag' }
27 silly mapToRegistry uri https://registry.npmjs.org/cordova-plugins-trafficmonitor
28 verbose publish registryBase https://registry.npmjs.org/
29 silly publish uploading C:\Users\Desenvolvedor\AppData\Roaming\npm-cache\cordova-plugins-trafficmonitor\1.1.0\package.tgz
30 verbose request uri https://registry.npmjs.org/cordova-plugins-trafficmonitor
31 verbose request sending authorization for write operation
32 info attempt registry request try #1 at 10:21:14
33 verbose request using bearer token for auth
34 verbose request id 99f8861cd4c77da9
35 http request PUT https://registry.npmjs.org/cordova-plugins-trafficmonitor
36 http 403 https://registry.npmjs.org/cordova-plugins-trafficmonitor
37 verbose headers { 'content-type': 'application/json',
37 verbose headers   'cache-control': 'max-age=300',
37 verbose headers   'content-length': '95',
37 verbose headers   'accept-ranges': 'bytes',
37 verbose headers   date: 'Fri, 17 Feb 2017 12:21:15 GMT',
37 verbose headers   via: '1.1 varnish',
37 verbose headers   connection: 'keep-alive',
37 verbose headers   'x-served-by': 'cache-gru7127-GRU',
37 verbose headers   'x-cache': 'MISS',
37 verbose headers   'x-cache-hits': '0',
37 verbose headers   'x-timer': 'S1487334074.853225,VS0,VE239',
37 verbose headers   vary: 'Accept-Encoding' }
38 verbose request invalidating C:\Users\Desenvolvedor\AppData\Roaming\npm-cache\registry.npmjs.org\cordova-plugins-trafficmonitor on PUT
39 error publish Failed PUT 403
40 verbose stack Error: "You cannot publish over the previously published version 1.1.0." : cordova-plugins-trafficmonitor
40 verbose stack     at makeError (C:\Program Files\nodejs\node_modules\npm\node_modules\npm-registry-client\lib\request.js:302:12)
40 verbose stack     at CachingRegistryClient.<anonymous> (C:\Program Files\nodejs\node_modules\npm\node_modules\npm-registry-client\lib\request.js:290:14)
40 verbose stack     at Request._callback (C:\Program Files\nodejs\node_modules\npm\node_modules\npm-registry-client\lib\request.js:210:14)
40 verbose stack     at Request.self.callback (C:\Program Files\nodejs\node_modules\npm\node_modules\request\request.js:187:22)
40 verbose stack     at emitTwo (events.js:106:13)
40 verbose stack     at Request.emit (events.js:191:7)
40 verbose stack     at Request.<anonymous> (C:\Program Files\nodejs\node_modules\npm\node_modules\request\request.js:1048:10)
40 verbose stack     at emitOne (events.js:96:13)
40 verbose stack     at Request.emit (events.js:188:7)
40 verbose stack     at IncomingMessage.<anonymous> (C:\Program Files\nodejs\node_modules\npm\node_modules\request\request.js:969:12)
41 verbose statusCode 403
42 verbose pkgid cordova-plugins-trafficmonitor
43 verbose cwd C:\Git\MANESKUL\CORDOVA-TRAFFICMONITOR
44 error Windows_NT 10.0.14393
45 error argv "C:\\Program Files\\nodejs\\node.exe" "C:\\Program Files\\nodejs\\node_modules\\npm\\bin\\npm-cli.js" "publish"
46 error node v6.9.2
47 error npm  v3.10.9
48 error code E403
49 error "You cannot publish over the previously published version 1.1.0." : cordova-plugins-trafficmonitor
50 error If you need help, you may report this error at:
50 error     <https://github.com/npm/npm/issues>
51 verbose exit [ 1, true ]
